2024-05-22 09:27:47.282 [info] Getting Manifest... ms-python.debugpy
2024-05-22 09:27:48.613 [info] Installing extension: ms-python.debugpy
2024-05-22 09:27:48.842 [info] Getting Manifest... ms-python.python
2024-05-22 09:27:51.916 [error] Could not load vsce-sign module Cannot find module '@vscode/vsce-sign'
Require stack:
- /opt/vscodium-bin/resources/app/out/bootstrap-amd.js
- /opt/vscodium-bin/resources/app/out/bootstrap-fork.js
2024-05-22 09:27:51.916 [info] Extension signature verification is not done: ms-python.debugpy
2024-05-22 09:27:52.170 [info] Extracted extension to file:///home/crispy/.vscode-oss/extensions/ms-python.debugpy-2024.6.0-linux-x64: ms-python.debugpy
2024-05-22 09:27:52.180 [info] Renamed to /home/crispy/.vscode-oss/extensions/ms-python.debugpy-2024.6.0-linux-x64
2024-05-22 09:27:52.182 [info] Extracting extension completed. ms-python.debugpy
2024-05-22 09:27:52.192 [info] Extension installed successfully: ms-python.debugpy
2024-05-22 09:27:52.195 [info] Marked extension as uninstalled ms-python.debugpy-2024.4.0-linux-x64
2024-05-22 09:27:52.271 [error] [uncaught exception in sharedProcess]: Error: ENOENT: no such file or directory, stat '/home/crispy/.vscode-oss/extensions/extensions.json.vsctmp': EntryNotFound (FileSystemError): Error: ENOENT: no such file or directory, stat '/home/crispy/.vscode-oss/extensions/extensions.json.vsctmp'
    at a.create (/opt/vscodium-bin/resources/app/out/vs/code/node/sharedProcess/sharedProcessMain.js:53:35240)
    at y (/opt/vscodium-bin/resources/app/out/vs/code/node/sharedProcess/sharedProcessMain.js:53:35371)
    at t.toFileSystemProviderError (/opt/vscodium-bin/resources/app/out/vs/code/node/sharedProcess/sharedProcessMain.js:58:48350)
    at t.stat (/opt/vscodium-bin/resources/app/out/vs/code/node/sharedProcess/sharedProcessMain.js:58:38945)
    at async S.stat (/opt/vscodium-bin/resources/app/out/vs/code/node/sharedProcess/sharedProcessMain.js:58:21449)
    at async H.onDidFilesChange (/opt/vscodium-bin/resources/app/out/vs/code/node/sharedProcess/sharedProcessMain.js:104:135201)
