2024-05-22 09:20:57.883 [info] Log level: Info
2024-05-22 09:20:57.883 [info] Validating found git in: "git"
2024-05-22 09:20:57.883 [info] Using git "2.45.0" from "git"
2024-05-22 09:20:57.883 [info] > git rev-parse --show-toplevel [5ms]
2024-05-22 09:20:57.883 [info] > git rev-parse --git-dir --git-common-dir [2ms]
2024-05-22 09:20:57.883 [info] Open repository: /home/crispy/Documents/coding/crispy-caesi/super-nightfort-2d
2024-05-22 09:20:57.895 [info] > git rev-parse --show-toplevel [3ms]
2024-05-22 09:20:57.896 [info] > git config --get commit.template [8ms]
2024-05-22 09:20:57.910 [info] > git rev-parse --show-toplevel [6ms]
2024-05-22 09:20:57.915 [info] > git for-each-ref --format=%(refname)%00%(upstream:short)%00%(objectname)%00%(upstream:track)%00%(upstream:remotename)%00%(upstream:remoteref) refs/heads/main refs/remotes/main [7ms]
2024-05-22 09:20:57.916 [info] > git rev-parse --show-toplevel [2ms]
2024-05-22 09:20:58.040 [info] > git status -z -uall [118ms]
2024-05-22 09:20:58.056 [info] > git merge-base refs/heads/main refs/remotes/origin/main [10ms]
2024-05-22 09:20:58.061 [info] > git config --get commit.template [6ms]
2024-05-22 09:20:58.063 [info] > git rev-list --count --left-right refs/heads/main...refs/remotes/origin/main [3ms]
2024-05-22 09:20:58.104 [info] > git for-each-ref --format=%(refname)%00%(upstream:short)%00%(objectname)%00%(upstream:track)%00%(upstream:remotename)%00%(upstream:remoteref) refs/heads/main refs/remotes/main [32ms]
2024-05-22 09:20:58.104 [info] > git diff --name-status -z --diff-filter=ADMR 03d9c05cf4ea7c6508034148703040ab00d0c022...refs/remotes/origin/main [36ms]
2024-05-22 09:20:58.224 [info] > git status -z -uall [112ms]
2024-05-22 09:20:58.264 [info] > git show --textconv :src/player.py [5ms]
2024-05-22 09:20:58.265 [info] > git ls-files --stage -- /home/crispy/Documents/coding/crispy-caesi/super-nightfort-2d/src/player.py [1ms]
2024-05-22 09:20:58.271 [info] > git cat-file -s 9c5e482a2ebd5ee0df7d60172433eb38c89d6ab3 [2ms]
2024-05-22 09:20:58.403 [info] > git check-ignore -v -z --stdin [1ms]
