2024-04-18 13:44:30.655 [info] Extension host with pid 17886 started
2024-04-18 13:44:30.655 [info] Skipping acquiring lock for /home/crispy/.config/VSCodium/User/workspaceStorage/be60f505d9cc2178d4247820fdee230a.
2024-04-18 13:44:30.735 [info] ExtensionService#_doActivateExtension vscode.emmet, startup: false, activationEvent: 'onLanguage'
2024-04-18 13:44:30.742 [info] ExtensionService#_doActivateExtension ms-python.python, startup: false, activationEvent: 'onLanguage:python', root cause: ms-python.debugpy
2024-04-18 13:44:30.964 [info] ExtensionService#_doActivateExtension ms-python.debugpy, startup: false, activationEvent: 'onLanguage:python'
2024-04-18 13:44:31.031 [info] ExtensionService#_doActivateExtension vscode.git-base, startup: true, activationEvent: '*', root cause: vscode.git
2024-04-18 13:44:31.036 [info] ExtensionService#_doActivateExtension vscode.git, startup: true, activationEvent: '*'
2024-04-18 13:44:31.054 [info] ExtensionService#_doActivateExtension vscode.github, startup: true, activationEvent: '*'
2024-04-18 13:44:31.090 [info] Eager extensions activated
2024-04-18 13:44:31.103 [info] ExtensionService#_doActivateExtension vscode.debug-auto-launch, startup: false, activationEvent: 'onStartupFinished'
2024-04-18 13:44:31.105 [info] ExtensionService#_doActivateExtension vscode.merge-conflict, startup: false, activationEvent: 'onStartupFinished'
2024-04-18 13:44:31.197 [info] ExtensionService#_doActivateExtension vscode.github-authentication, startup: false, activationEvent: 'onAuthenticationRequest:github'
2024-04-18 14:15:21.258 [info] Extension host terminating: renderer closed the MessagePort
2024-04-18 14:15:21.266 [error] Canceled: Canceled
	at new L (/opt/vscodium-bin/resources/app/out/vs/workbench/api/node/extensionHostProcess.js:142:50445)
	at l._remoteCall (/opt/vscodium-bin/resources/app/out/vs/workbench/api/node/extensionHostProcess.js:149:7674)
	at x.<computed>.F.charCodeAt.x.<computed> (/opt/vscodium-bin/resources/app/out/vs/workbench/api/node/extensionHostProcess.js:149:4229)
	at h._doExecuteCommand (/opt/vscodium-bin/resources/app/out/vs/workbench/api/node/extensionHostProcess.js:152:221410)
	at h.executeCommand (/opt/vscodium-bin/resources/app/out/vs/workbench/api/node/extensionHostProcess.js:152:220735)
	at _.registerCommand.description (/opt/vscodium-bin/resources/app/out/vs/workbench/api/node/extensionHostProcess.js:152:219979)
	at h._executeContributedCommand (/opt/vscodium-bin/resources/app/out/vs/workbench/api/node/extensionHostProcess.js:152:222048)
	at h._doExecuteCommand (/opt/vscodium-bin/resources/app/out/vs/workbench/api/node/extensionHostProcess.js:152:220868)
	at h.executeCommand (/opt/vscodium-bin/resources/app/out/vs/workbench/api/node/extensionHostProcess.js:152:220735)
	at Object.executeCommand (/opt/vscodium-bin/resources/app/out/vs/workbench/api/node/extensionHostProcess.js:162:29409)
	at o.O [as value] (/opt/vscodium-bin/resources/app/extensions/git/dist/main.js:2:945751)
	at s._deliver (/opt/vscodium-bin/resources/app/out/vs/workbench/api/node/extensionHostProcess.js:82:837)
	at s._deliverQueue (/opt/vscodium-bin/resources/app/out/vs/workbench/api/node/extensionHostProcess.js:82:928)
	at s.fire (/opt/vscodium-bin/resources/app/out/vs/workbench/api/node/extensionHostProcess.js:82:1263)
	at Object.m [as dispose] (/opt/vscodium-bin/resources/app/extensions/git/dist/main.js:2:964835)
	at /opt/vscodium-bin/resources/app/extensions/git/dist/main.js:2:970869
	at Array.forEach (<anonymous>)
	at f.dispose (/opt/vscodium-bin/resources/app/extensions/git/dist/main.js:2:970855)
	at a.<anonymous> (/opt/vscodium-bin/resources/app/out/vs/workbench/api/node/extensionHostProcess.js:150:5750)
	at a.dispose (/opt/vscodium-bin/resources/app/out/vs/workbench/api/node/extensionHostProcess.js:150:5847)
	at a.<anonymous> (/opt/vscodium-bin/resources/app/extensions/git/dist/main.js:2:948008)
	at a.dispose (/opt/vscodium-bin/resources/app/out/vs/workbench/api/node/extensionHostProcess.js:150:5847)
	at o (/opt/vscodium-bin/resources/app/out/vs/workbench/api/node/extensionHostProcess.js:30:728)
	at m._deactivate (/opt/vscodium-bin/resources/app/out/vs/workbench/api/node/extensionHostProcess.js:158:12980)
	at /opt/vscodium-bin/resources/app/out/vs/workbench/api/node/extensionHostProcess.js:158:10099
	at Array.map (<anonymous>)
	at m._deactivateAll (/opt/vscodium-bin/resources/app/out/vs/workbench/api/node/extensionHostProcess.js:158:10086)
	at m.terminate (/opt/vscodium-bin/resources/app/out/vs/workbench/api/node/extensionHostProcess.js:158:10470)
	at o.terminate (/opt/vscodium-bin/resources/app/out/vs/workbench/api/node/extensionHostProcess.js:162:1908)
	at t (/opt/vscodium-bin/resources/app/out/vs/workbench/api/node/extensionHostProcess.js:175:11622)
	at MessagePortMain.<anonymous> (/opt/vscodium-bin/resources/app/out/vs/workbench/api/node/extensionHostProcess.js:175:7697)
	at MessagePortMain.emit (node:events:517:28)
	at MessagePortMain._internalPort.emit (node:electron/js2c/utility_init:2:2285) setContext undefined
2024-04-18 14:15:21.267 [error] Canceled: Canceled
	at new L (/opt/vscodium-bin/resources/app/out/vs/workbench/api/node/extensionHostProcess.js:142:50445)
	at l._remoteCall (/opt/vscodium-bin/resources/app/out/vs/workbench/api/node/extensionHostProcess.js:149:7674)
	at x.<computed>.F.charCodeAt.x.<computed> (/opt/vscodium-bin/resources/app/out/vs/workbench/api/node/extensionHostProcess.js:149:4229)
	at h._doExecuteCommand (/opt/vscodium-bin/resources/app/out/vs/workbench/api/node/extensionHostProcess.js:152:221410)
	at h.executeCommand (/opt/vscodium-bin/resources/app/out/vs/workbench/api/node/extensionHostProcess.js:152:220735)
	at _.registerCommand.description (/opt/vscodium-bin/resources/app/out/vs/workbench/api/node/extensionHostProcess.js:152:219979)
	at h._executeContributedCommand (/opt/vscodium-bin/resources/app/out/vs/workbench/api/node/extensionHostProcess.js:152:222048)
	at h._doExecuteCommand (/opt/vscodium-bin/resources/app/out/vs/workbench/api/node/extensionHostProcess.js:152:220868)
	at h.executeCommand (/opt/vscodium-bin/resources/app/out/vs/workbench/api/node/extensionHostProcess.js:152:220735)
	at Object.executeCommand (/opt/vscodium-bin/resources/app/out/vs/workbench/api/node/extensionHostProcess.js:162:29409)
	at set hasGitHubRepositories [as hasGitHubRepositories] (/opt/vscodium-bin/resources/app/extensions/github/dist/extension.js:2:324815)
	at /opt/vscodium-bin/resources/app/extensions/github/dist/extension.js:2:325774
	at o.value (/opt/vscodium-bin/resources/app/extensions/git/dist/main.js:2:1051652)
	at s._deliver (/opt/vscodium-bin/resources/app/out/vs/workbench/api/node/extensionHostProcess.js:82:837)
	at s._deliverQueue (/opt/vscodium-bin/resources/app/out/vs/workbench/api/node/extensionHostProcess.js:82:928)
	at s.fire (/opt/vscodium-bin/resources/app/out/vs/workbench/api/node/extensionHostProcess.js:82:1263)
	at Object.m [as dispose] (/opt/vscodium-bin/resources/app/extensions/git/dist/main.js:2:964835)
	at /opt/vscodium-bin/resources/app/extensions/git/dist/main.js:2:970869
	at Array.forEach (<anonymous>)
	at f.dispose (/opt/vscodium-bin/resources/app/extensions/git/dist/main.js:2:970855)
	at a.<anonymous> (/opt/vscodium-bin/resources/app/out/vs/workbench/api/node/extensionHostProcess.js:150:5750)
	at a.dispose (/opt/vscodium-bin/resources/app/out/vs/workbench/api/node/extensionHostProcess.js:150:5847)
	at a.<anonymous> (/opt/vscodium-bin/resources/app/extensions/git/dist/main.js:2:948008)
	at a.dispose (/opt/vscodium-bin/resources/app/out/vs/workbench/api/node/extensionHostProcess.js:150:5847)
	at o (/opt/vscodium-bin/resources/app/out/vs/workbench/api/node/extensionHostProcess.js:30:728)
	at m._deactivate (/opt/vscodium-bin/resources/app/out/vs/workbench/api/node/extensionHostProcess.js:158:12980)
	at /opt/vscodium-bin/resources/app/out/vs/workbench/api/node/extensionHostProcess.js:158:10099
	at Array.map (<anonymous>)
	at m._deactivateAll (/opt/vscodium-bin/resources/app/out/vs/workbench/api/node/extensionHostProcess.js:158:10086)
	at m.terminate (/opt/vscodium-bin/resources/app/out/vs/workbench/api/node/extensionHostProcess.js:158:10470)
	at o.terminate (/opt/vscodium-bin/resources/app/out/vs/workbench/api/node/extensionHostProcess.js:162:1908)
	at t (/opt/vscodium-bin/resources/app/out/vs/workbench/api/node/extensionHostProcess.js:175:11622)
	at MessagePortMain.<anonymous> (/opt/vscodium-bin/resources/app/out/vs/workbench/api/node/extensionHostProcess.js:175:7697)
	at MessagePortMain.emit (node:events:517:28)
	at MessagePortMain._internalPort.emit (node:electron/js2c/utility_init:2:2285) setContext undefined
2024-04-18 14:15:21.270 [info] Extension host with pid 17886 exiting with code 0
