2024-04-16 08:19:02.436 [info] Extension host with pid 6301 started
2024-04-16 08:19:02.488 [info] ExtensionService#_doActivateExtension vscode.git-base, startup: true, activationEvent: '*', root cause: vscode.git
2024-04-16 08:19:02.530 [info] ExtensionService#_doActivateExtension vscode.git, startup: true, activationEvent: '*'
2024-04-16 08:19:02.602 [info] ExtensionService#_doActivateExtension vscode.github, startup: true, activationEvent: '*'
2024-04-16 08:19:02.688 [info] Eager extensions activated
2024-04-16 08:19:02.699 [info] ExtensionService#_doActivateExtension vscode.debug-auto-launch, startup: false, activationEvent: 'onStartupFinished'
2024-04-16 08:19:02.713 [info] ExtensionService#_doActivateExtension vscode.merge-conflict, startup: false, activationEvent: 'onStartupFinished'
2024-04-16 08:20:18.005 [info] Extension host terminating: renderer closed the MessagePort
2024-04-16 08:20:18.009 [info] Extension host with pid 6301 exiting with code 0
2024-04-16 08:20:18.839 [info] Extension host with pid 6611 started
2024-04-16 08:20:18.839 [info] Skipping acquiring lock for /home/crispy/.config/VSCodium/User/workspaceStorage/be60f505d9cc2178d4247820fdee230a.
2024-04-16 08:20:18.904 [info] ExtensionService#_doActivateExtension vscode.git-base, startup: true, activationEvent: '*'
2024-04-16 08:20:18.907 [info] ExtensionService#_doActivateExtension ms-python.python, startup: true, activationEvent: 'workspaceContains:requirements.txt'
2024-04-16 08:20:19.155 [info] ExtensionService#_doActivateExtension vscode.github, startup: true, activationEvent: '*'
2024-04-16 08:20:19.189 [info] Eager extensions activated
2024-04-16 08:20:19.196 [info] ExtensionService#_doActivateExtension vscode.debug-auto-launch, startup: false, activationEvent: 'onStartupFinished'
2024-04-16 08:20:19.198 [info] ExtensionService#_doActivateExtension vscode.merge-conflict, startup: false, activationEvent: 'onStartupFinished'
2024-04-16 08:20:22.706 [info] ExtensionService#_doActivateExtension vscode.git, startup: false, activationEvent: 'api', root cause: vscode.github
2024-04-16 08:20:23.000 [info] ExtensionService#_doActivateExtension vscode.github-authentication, startup: false, activationEvent: 'onAuthenticationRequest:github'
2024-04-16 08:20:56.339 [info] ExtensionService#_doActivateExtension ms-python.debugpy, startup: false, activationEvent: 'onLanguage:python'
2024-04-16 08:20:56.406 [info] ExtensionService#_doActivateExtension vscode.emmet, startup: false, activationEvent: 'onLanguage'
