2024-04-18 13:44:30.914 [info] Telemetry level is off
2024-04-18 13:44:30.914 [info] Experiments are disabled, only manually opted experiments are active.
2024-04-18 13:44:30.914 [info] Default formatter is set to null for workspace /home/crispy/Documents/coding/crispy-caesi/super-nightfort-2d
2024-04-18 13:44:30.920 [info] Test server listening.
2024-04-18 13:44:30.928 [info] > conda info --json
2024-04-18 13:44:30.936 [info] > hatch env show --json
2024-04-18 13:44:30.936 [info] cwd: .
2024-04-18 13:44:30.991 [info] > pyenv which python
2024-04-18 13:44:30.991 [info] cwd: .
2024-04-18 13:44:30.991 [info] Found: /bin/python --> /bin/python3.11
2024-04-18 13:44:30.994 [info] Found: /bin/python3 --> /bin/python3.11
2024-04-18 13:44:30.994 [info] Found: /bin/python3.11 --> /bin/python3.11
2024-04-18 13:44:31.010 [info] > /bin/python -I ~/.vscode-oss/extensions/ms-python.python-2024.4.1-universal/python_files/get_output_via_markers.py ~/.vscode-oss/extensions/ms-python.python-2024.4.1-universal/python_files/interpreterInfo.py
2024-04-18 13:44:31.019 [info] Found: /sbin/python --> /sbin/python3.11
2024-04-18 13:44:31.019 [info] Found: /sbin/python3 --> /sbin/python3.11
2024-04-18 13:44:31.019 [info] Found: /sbin/python3.11 --> /sbin/python3.11
2024-04-18 13:44:31.029 [info] Found: /usr/bin/python --> /usr/bin/python3.11
2024-04-18 13:44:31.030 [info] Found: /usr/bin/python3 --> /usr/bin/python3.11
2024-04-18 13:44:31.031 [info] Found: /usr/bin/python3.11 --> /usr/bin/python3.11
2024-04-18 13:44:31.067 [info] Python interpreter path: /bin/python
2024-04-18 13:44:31.154 [info] Found: /usr/sbin/python --> /usr/sbin/python3.11
2024-04-18 13:44:31.159 [info] Found: /usr/sbin/python3 --> /usr/sbin/python3.11
2024-04-18 13:44:31.159 [info] Found: /usr/sbin/python3.11 --> /usr/sbin/python3.11
2024-04-18 13:44:31.212 [info] > /sbin/python -I ~/.vscode-oss/extensions/ms-python.python-2024.4.1-universal/python_files/get_output_via_markers.py ~/.vscode-oss/extensions/ms-python.python-2024.4.1-universal/python_files/interpreterInfo.py
2024-04-18 13:44:31.252 [info] > /usr/bin/python -I ~/.vscode-oss/extensions/ms-python.python-2024.4.1-universal/python_files/get_output_via_markers.py ~/.vscode-oss/extensions/ms-python.python-2024.4.1-universal/python_files/interpreterInfo.py
2024-04-18 13:44:31.260 [info] > /usr/sbin/python -I ~/.vscode-oss/extensions/ms-python.python-2024.4.1-universal/python_files/get_output_via_markers.py ~/.vscode-oss/extensions/ms-python.python-2024.4.1-universal/python_files/interpreterInfo.py
2024-04-18 13:44:31.855 [info] Starting Jedi language server for super-nightfort-2d.
