2024-05-02 08:05:03.531 [info] Log level: Info
2024-05-02 08:05:03.531 [info] Validating found git in: "git"
2024-05-02 08:05:03.531 [info] Using git "2.44.0" from "git"
2024-05-02 08:05:03.531 [info] > git rev-parse --show-toplevel [3ms]
2024-05-02 08:05:03.541 [info] > git rev-parse --git-dir --git-common-dir [6ms]
2024-05-02 08:05:03.551 [info] Open repository: /home/crispy/Documents/coding/crispy-caesi/super-nightfort-2d
2024-05-02 08:05:03.569 [info] > git rev-parse --show-toplevel [9ms]
2024-05-02 08:05:03.570 [info] > git config --get commit.template [12ms]
2024-05-02 08:05:03.581 [info] > git rev-parse --show-toplevel [4ms]
2024-05-02 08:05:03.583 [info] > git for-each-ref --format=%(refname)%00%(upstream:short)%00%(objectname)%00%(upstream:track)%00%(upstream:remotename)%00%(upstream:remoteref) refs/heads/main refs/remotes/main [4ms]
2024-05-02 08:05:03.720 [info] > git status -z -uall [127ms]
2024-05-02 08:05:03.735 [info] > git merge-base refs/heads/main refs/remotes/origin/main [10ms]
2024-05-02 08:05:03.741 [info] > git rev-list --count --left-right refs/heads/main...refs/remotes/origin/main [2ms]
2024-05-02 08:05:03.745 [info] > git config --get commit.template [11ms]
2024-05-02 08:05:03.761 [info] > git diff --name-status -z --diff-filter=ADMR 03d9c05cf4ea7c6508034148703040ab00d0c022...refs/remotes/origin/main [16ms]
2024-05-02 08:05:03.763 [info] > git for-each-ref --format=%(refname)%00%(upstream:short)%00%(objectname)%00%(upstream:track)%00%(upstream:remotename)%00%(upstream:remoteref) refs/heads/main refs/remotes/main [3ms]
2024-05-02 08:05:03.879 [info] > git status -z -uall [111ms]
2024-05-02 08:05:04.100 [info] > git check-ignore -v -z --stdin [1ms]
2024-05-02 08:05:07.065 [info] > git rev-parse --show-toplevel [1ms]
2024-05-02 08:05:07.065 [info] fatal: not a git repository (or any of the parent directories): .git
2024-05-02 08:05:10.154 [info] > git check-ignore -v -z --stdin [3ms]
2024-05-02 08:05:15.842 [info] > git show --textconv :src/player.py [6ms]
2024-05-02 08:05:15.843 [info] > git ls-files --stage -- /home/crispy/Documents/coding/crispy-caesi/super-nightfort-2d/src/player.py [2ms]
2024-05-02 08:05:15.847 [info] > git cat-file -s 9c5e482a2ebd5ee0df7d60172433eb38c89d6ab3 [1ms]
2024-05-02 08:08:07.572 [info] > git config --get commit.template [4ms]
2024-05-02 08:08:07.572 [info] > git for-each-ref --format=%(refname)%00%(upstream:short)%00%(objectname)%00%(upstream:track)%00%(upstream:remotename)%00%(upstream:remoteref) refs/heads/main refs/remotes/main [1ms]
2024-05-02 08:08:07.679 [info] > git status -z -uall [103ms]
2024-05-02 08:09:50.069 [info] > git config --get commit.template [6ms]
2024-05-02 08:09:50.070 [info] > git for-each-ref --format=%(refname)%00%(upstream:short)%00%(objectname)%00%(upstream:track)%00%(upstream:remotename)%00%(upstream:remoteref) refs/heads/main refs/remotes/main [4ms]
2024-05-02 08:09:50.188 [info] > git status -z -uall [112ms]
