2024-05-22 09:27:17.421 [info] Log level: Info
2024-05-22 09:27:17.421 [info] Validating found git in: "git"
2024-05-22 09:27:17.421 [info] Using git "2.45.0" from "git"
2024-05-22 09:27:17.421 [info] > git rev-parse --show-toplevel [5ms]
2024-05-22 09:27:17.421 [info] > git rev-parse --git-dir --git-common-dir [3ms]
2024-05-22 09:27:17.421 [info] Open repository: /home/crispy/Documents/coding/crispy-caesi/super-nightfort-2d
2024-05-22 09:27:17.422 [info] > git rev-parse --show-toplevel [3ms]
2024-05-22 09:27:17.422 [info] > git config --get commit.template [7ms]
2024-05-22 09:27:17.433 [info] > git rev-parse --show-toplevel [5ms]
2024-05-22 09:27:17.437 [info] > git for-each-ref --format=%(refname)%00%(upstream:short)%00%(objectname)%00%(upstream:track)%00%(upstream:remotename)%00%(upstream:remoteref) refs/heads/main refs/remotes/main [5ms]
2024-05-22 09:27:17.438 [info] > git rev-parse --show-toplevel [1ms]
2024-05-22 09:27:17.556 [info] > git status -z -uall [113ms]
2024-05-22 09:27:17.573 [info] > git merge-base refs/heads/main refs/remotes/origin/main [11ms]
2024-05-22 09:27:17.579 [info] > git config --get commit.template [7ms]
2024-05-22 09:27:17.581 [info] > git rev-list --count --left-right refs/heads/main...refs/remotes/origin/main [2ms]
2024-05-22 09:27:17.618 [info] > git diff --name-status -z --diff-filter=ADMR 03d9c05cf4ea7c6508034148703040ab00d0c022...refs/remotes/origin/main [34ms]
2024-05-22 09:27:17.622 [info] > git for-each-ref --format=%(refname)%00%(upstream:short)%00%(objectname)%00%(upstream:track)%00%(upstream:remotename)%00%(upstream:remoteref) refs/heads/main refs/remotes/main [4ms]
2024-05-22 09:27:17.736 [info] > git status -z -uall [108ms]
2024-05-22 09:27:17.781 [info] > git show --textconv :src/player.py [5ms]
2024-05-22 09:27:17.782 [info] > git ls-files --stage -- /home/crispy/Documents/coding/crispy-caesi/super-nightfort-2d/src/player.py [2ms]
2024-05-22 09:27:17.787 [info] > git cat-file -s 9c5e482a2ebd5ee0df7d60172433eb38c89d6ab3 [1ms]
2024-05-22 09:27:17.930 [info] > git check-ignore -v -z --stdin [1ms]
