2024-04-16 08:19:02.702 [info] Log level: Info
2024-04-16 08:19:02.702 [info] Validating found git in: "git"
2024-04-16 08:19:02.702 [info] Using git "2.44.0" from "git"
2024-04-16 08:20:22.771 [info] Log level: Info
2024-04-16 08:20:22.771 [info] Validating found git in: "git"
2024-04-16 08:20:22.771 [info] Using git "2.44.0" from "git"
2024-04-16 08:20:22.771 [info] > git rev-parse --show-toplevel [5ms]
2024-04-16 08:20:22.792 [info] > git rev-parse --git-dir --git-common-dir [9ms]
2024-04-16 08:20:22.803 [info] Open repository: /home/crispy/Documents/coding/crispy-caesi/super-nightfort-2d
2024-04-16 08:20:22.819 [info] > git rev-parse --show-toplevel [2ms]
2024-04-16 08:20:22.820 [info] > git config --get commit.template [8ms]
2024-04-16 08:20:22.833 [info] > git rev-parse --show-toplevel [7ms]
2024-04-16 08:20:22.834 [info] > git for-each-ref --format=%(refname)%00%(upstream:short)%00%(objectname)%00%(upstream:track)%00%(upstream:remotename)%00%(upstream:remoteref) refs/heads/main refs/remotes/main [3ms]
2024-04-16 08:20:22.952 [info] > git status -z -uall [112ms]
2024-04-16 08:20:22.979 [info] > git merge-base refs/heads/main refs/remotes/origin/main [19ms]
2024-04-16 08:20:22.986 [info] > git config --get commit.template [7ms]
2024-04-16 08:20:22.995 [info] > git rev-list --count --left-right refs/heads/main...refs/remotes/origin/main [11ms]
2024-04-16 08:20:23.035 [info] > git diff --name-status -z --diff-filter=ADMR 81b9359479b6ee7dee58b067988534f4ec1de152...refs/remotes/origin/main [35ms]
2024-04-16 08:20:23.043 [info] > git for-each-ref --format=%(refname)%00%(upstream:short)%00%(objectname)%00%(upstream:track)%00%(upstream:remotename)%00%(upstream:remoteref) refs/heads/main refs/remotes/main [9ms]
2024-04-16 08:20:23.158 [info] > git status -z -uall [104ms]
2024-04-16 08:20:23.327 [info] > git check-ignore -v -z --stdin [1ms]
2024-04-16 08:20:28.620 [info] > git check-ignore -v -z --stdin [1ms]
2024-04-16 08:20:29.609 [info] > git check-ignore -v -z --stdin [2ms]
2024-04-16 08:20:52.988 [info] > git check-ignore -v -z --stdin [3ms]
2024-04-16 08:20:56.526 [info] > git show --textconv :src/Game.py [6ms]
2024-04-16 08:20:56.527 [info] > git ls-files --stage -- /home/crispy/Documents/coding/crispy-caesi/super-nightfort-2d/src/Game.py [2ms]
2024-04-16 08:20:56.534 [info] > git cat-file -s 77179cd776d58eef1c3c108b0c8972d581c05e6d [2ms]
2024-04-16 08:21:06.806 [info] > git show --textconv :src/Player.py [11ms]
2024-04-16 08:21:06.807 [info] > git ls-files --stage -- /home/crispy/Documents/coding/crispy-caesi/super-nightfort-2d/src/Player.py [2ms]
2024-04-16 08:21:06.815 [info] > git cat-file -s 950bbc9d1a05ba0e67464347dc4255f5bf065eae [2ms]
2024-04-16 08:23:21.819 [info] > git show --textconv :src/Input.py [10ms]
2024-04-16 08:23:21.821 [info] > git ls-files --stage -- /home/crispy/Documents/coding/crispy-caesi/super-nightfort-2d/src/Input.py [2ms]
2024-04-16 08:23:21.831 [info] > git cat-file -s 1a75239a1faeb356700bb204027f4777ce436f10 [3ms]
2024-04-16 08:23:22.341 [info] > git show --textconv :src/Game.py [11ms]
2024-04-16 08:23:22.342 [info] > git ls-files --stage -- /home/crispy/Documents/coding/crispy-caesi/super-nightfort-2d/src/Game.py [2ms]
2024-04-16 08:23:22.352 [info] > git cat-file -s 77179cd776d58eef1c3c108b0c8972d581c05e6d [2ms]
2024-04-16 08:25:13.649 [info] > git show --textconv :src/Menu.py [10ms]
2024-04-16 08:25:13.650 [info] > git ls-files --stage -- /home/crispy/Documents/coding/crispy-caesi/super-nightfort-2d/src/Menu.py [2ms]
2024-04-16 08:25:13.658 [info] > git cat-file -s 9f32993c906898a081fe047d2dbdd667016842d8 [2ms]
2024-04-16 08:25:15.880 [info] > git show --textconv :src/Game.py [12ms]
2024-04-16 08:25:15.882 [info] > git ls-files --stage -- /home/crispy/Documents/coding/crispy-caesi/super-nightfort-2d/src/Game.py [4ms]
2024-04-16 08:25:15.890 [info] > git cat-file -s 77179cd776d58eef1c3c108b0c8972d581c05e6d [2ms]
2024-04-16 08:25:17.763 [info] > git show --textconv :src/Player.py [10ms]
2024-04-16 08:25:17.765 [info] > git ls-files --stage -- /home/crispy/Documents/coding/crispy-caesi/super-nightfort-2d/src/Player.py [3ms]
2024-04-16 08:25:17.775 [info] > git cat-file -s 950bbc9d1a05ba0e67464347dc4255f5bf065eae [2ms]
2024-04-16 08:25:19.160 [info] > git show --textconv :src/Menu.py [11ms]
2024-04-16 08:25:19.162 [info] > git ls-files --stage -- /home/crispy/Documents/coding/crispy-caesi/super-nightfort-2d/src/Menu.py [3ms]
2024-04-16 08:25:19.171 [info] > git cat-file -s 9f32993c906898a081fe047d2dbdd667016842d8 [2ms]
