2024-05-02 08:04:23.943 [info] Added views:workbench.panel.markers.view in workbench.panel.markers
2024-05-02 08:04:23.943 [info] Added views:workbench.panel.output in workbench.panel.output
2024-05-02 08:04:23.943 [info] Added views:terminal in terminal
2024-05-02 08:04:23.943 [info] Added views:outline in workbench.view.explorer
2024-05-02 08:04:23.943 [info] Added views:workbench.scm in workbench.view.scm
2024-05-02 08:04:23.943 [info] Added views:workbench.view.search in workbench.view.search
2024-05-02 08:04:23.943 [info] Added views:timeline in workbench.view.explorer
2024-05-02 08:04:23.943 [info] Added views:workbench.explorer.emptyView in workbench.view.explorer
2024-05-02 08:04:25.115 [info] Added views:workbench.debug.welcome in workbench.view.debug
2024-05-02 08:04:25.331 [info] Added views:workbench.panel.repl.view in workbench.panel.repl
2024-05-02 08:04:25.552 [info] Added views:~remote.forwardedPorts in ~remote.forwardedPortsContainer
2024-05-02 08:05:02.948 [info] Added views:workbench.panel.markers.view in workbench.panel.markers
2024-05-02 08:05:02.948 [info] Added views:workbench.panel.output in workbench.panel.output
2024-05-02 08:05:02.948 [info] Added views:terminal in terminal
2024-05-02 08:05:02.948 [info] Added views:outline in workbench.view.explorer
2024-05-02 08:05:02.948 [info] Added views:workbench.scm in workbench.view.scm
2024-05-02 08:05:02.948 [info] Added views:workbench.view.search in workbench.view.search
2024-05-02 08:05:02.948 [info] Added views:timeline in workbench.view.explorer
2024-05-02 08:05:02.948 [info] Added views:workbench.explorer.fileView in workbench.view.explorer
2024-05-02 08:05:03.240 [info] Added views:workbench.debug.welcome in workbench.view.debug
2024-05-02 08:05:03.345 [info] Added views:workbench.panel.repl.view in workbench.panel.repl
2024-05-02 08:05:03.392 [info] Added views:~remote.forwardedPorts in ~remote.forwardedPortsContainer
2024-05-02 08:05:03.505 [info] Added views:workbench.view.testing in workbench.view.extension.test
2024-05-02 08:15:47.516 [info] Removed views:workbench.view.testing from workbench.view.extension.test
