2024-03-03 11:12:13 Loading main app package /usr/lib/obsidian/obsidian.asar
2024-03-03 11:12:14 Checking for update using Github
2024-03-03 11:12:14 Success.
2024-03-03 11:12:14 Latest version is 1.5.8
2024-03-03 11:12:14 App is up to date.
2024-03-03 11:21:29 Loading main app package /usr/lib/obsidian/obsidian.asar
2024-03-03 11:21:29 Checking for update using Github
2024-03-03 11:21:30 Success.
2024-03-03 11:21:30 Latest version is 1.5.8
2024-03-03 11:21:30 App is up to date.
2024-03-03 19:45:28 Loading main app package /usr/lib/obsidian/obsidian.asar
2024-03-03 19:45:28 Checking for update using Github
2024-03-03 19:45:29 Success.
2024-03-03 19:45:29 Latest version is 1.5.8
2024-03-03 19:45:29 App is up to date.
2024-03-03 22:07:22 Loading main app package /usr/lib/obsidian/obsidian.asar
2024-03-03 22:07:22 Checking for update using Github
2024-03-03 22:07:22 Success.
2024-03-03 22:07:22 Latest version is 1.5.8
2024-03-03 22:07:22 App is up to date.
2024-03-03 22:19:50 Loading main app package /usr/lib/obsidian/obsidian.asar
2024-03-03 22:19:50 Checking for update using Github
2024-03-03 22:19:50 Success.
2024-03-03 22:19:50 Latest version is 1.5.8
2024-03-03 22:19:50 App is up to date.
2024-03-04 09:28:44 Loading main app package /usr/lib/obsidian/obsidian.asar
2024-03-04 09:28:45 Checking for update using Github
2024-03-04 09:28:45 Success.
2024-03-04 09:28:45 Latest version is 1.5.8
2024-03-04 09:28:45 App is up to date.
2024-03-04 10:28:45 Checking for update using Github
2024-03-04 10:28:46 Success.
2024-03-04 10:28:46 Latest version is 1.5.8
2024-03-04 10:28:46 App is up to date.
2024-03-04 23:30:29 Loading main app package /usr/lib/obsidian/obsidian.asar
2024-03-04 23:30:29 Checking for update using Github
2024-03-04 23:30:29 Failed to check for update using Github (net::ERR_INTERNET_DISCONNECTED)
2024-03-04 23:30:29 Checking for update using obsidian.md
2024-03-04 23:30:29 Failed to check for update using obsidian.md (net::ERR_INTERNET_DISCONNECTED)
2024-03-05 06:37:35 Loading main app package /usr/lib/obsidian/obsidian.asar
2024-03-05 06:37:35 Checking for update using Github
2024-03-05 06:37:36 Success.
2024-03-05 06:37:36 Latest version is 1.5.8
2024-03-05 06:37:36 App is up to date.
2024-03-05 07:33:07 Loading main app package /usr/lib/obsidian/obsidian.asar
2024-03-05 07:33:07 Checking for update using Github
2024-03-05 07:33:08 Success.
2024-03-05 07:33:08 Latest version is 1.5.8
2024-03-05 07:33:08 App is up to date.
2024-03-05 08:33:07 Checking for update using Github
2024-03-05 08:33:07 Success.
2024-03-05 08:33:07 Latest version is 1.5.8
2024-03-05 08:33:07 App is up to date.
2024-03-05 14:20:46 Loading main app package /usr/lib/obsidian/obsidian.asar
2024-03-05 14:20:46 Checking for update using Github
2024-03-05 14:20:47 Success.
2024-03-05 14:20:47 Latest version is 1.5.8
2024-03-05 14:20:47 App is up to date.
2024-03-05 23:44:44 Loading main app package /usr/lib/obsidian/obsidian.asar
2024-03-05 23:44:45 Checking for update using Github
2024-03-05 23:44:45 Success.
2024-03-05 23:44:45 Latest version is 1.5.8
2024-03-05 23:44:45 App is up to date.
2024-03-06 07:37:39 Loading main app package /usr/lib/obsidian/obsidian.asar
2024-03-06 07:37:40 Checking for update using Github
2024-03-06 07:37:40 Success.
2024-03-06 07:37:40 Latest version is 1.5.8
2024-03-06 07:37:40 App is up to date.
2024-03-06 08:37:39 Checking for update using Github
2024-03-06 08:37:39 Failed to check for update using Github (net::ERR_INTERNET_DISCONNECTED)
2024-03-06 08:37:39 Checking for update using obsidian.md
2024-03-06 08:37:39 Failed to check for update using obsidian.md (net::ERR_INTERNET_DISCONNECTED)
2024-03-06 09:53:20 Loading main app package /usr/lib/obsidian/obsidian.asar
2024-03-06 09:53:21 Checking for update using Github
2024-03-06 09:53:21 Success.
2024-03-06 09:53:21 Latest version is 1.5.8
2024-03-06 09:53:21 App is up to date.
2024-03-06 10:53:23 Checking for update using Github
2024-03-06 10:53:24 Success.
2024-03-06 10:53:24 Latest version is 1.5.8
2024-03-06 10:53:24 App is up to date.
2024-03-07 08:10:05 Loading main app package /usr/lib/obsidian/obsidian.asar
2024-03-07 08:10:05 Checking for update using Github
2024-03-07 08:10:05 Success.
2024-03-07 08:10:05 Latest version is 1.5.8
2024-03-07 08:10:05 App is up to date.
2024-03-07 10:36:17 Checking for update using Github
2024-03-07 10:36:17 Success.
2024-03-07 10:36:17 Latest version is 1.5.8
2024-03-07 10:36:17 App is up to date.
2024-03-07 11:40:15 Loading main app package /usr/lib/obsidian/obsidian.asar
2024-03-07 11:40:15 Checking for update using Github
2024-03-07 11:40:16 Success.
2024-03-07 11:40:16 Latest version is 1.5.8
2024-03-07 11:40:16 App is up to date.
2024-03-07 18:24:22 Loading main app package /usr/lib/obsidian/obsidian.asar
2024-03-07 18:24:22 Checking for update using Github
2024-03-07 18:24:23 Success.
2024-03-07 18:24:23 Latest version is 1.5.8
2024-03-07 18:24:23 App is up to date.
2024-03-07 19:24:22 Checking for update using Github
2024-03-07 19:24:22 Success.
2024-03-07 19:24:22 Latest version is 1.5.8
2024-03-07 19:24:22 App is up to date.
2024-03-07 20:24:22 Checking for update using Github
2024-03-07 20:24:23 Success.
2024-03-07 20:24:23 Latest version is 1.5.8
2024-03-07 20:24:23 App is up to date.
2024-03-07 21:24:22 Checking for update using Github
2024-03-07 21:24:22 Failed to check for update using Github (net::ERR_CONNECTION_REFUSED)
2024-03-07 21:24:22 Checking for update using obsidian.md
2024-03-07 21:24:22 Failed to check for update using obsidian.md (net::ERR_CONNECTION_REFUSED)
2024-03-07 22:24:22 Checking for update using Github
2024-03-07 22:24:22 Failed to check for update using Github (net::ERR_CONNECTION_REFUSED)
2024-03-07 22:24:22 Checking for update using obsidian.md
2024-03-07 22:24:22 Failed to check for update using obsidian.md (net::ERR_CONNECTION_REFUSED)
2024-03-08 00:00:08 Loading main app package /usr/lib/obsidian/obsidian.asar
2024-03-08 00:00:09 Checking for update using Github
2024-03-08 00:00:09 Failed to check for update using Github (net::ERR_INTERNET_DISCONNECTED)
2024-03-08 00:00:09 Checking for update using obsidian.md
2024-03-08 00:00:09 Failed to check for update using obsidian.md (net::ERR_INTERNET_DISCONNECTED)
2024-03-08 09:42:00 Loading main app package /usr/lib/obsidian/obsidian.asar
2024-03-08 09:42:00 Checking for update using Github
2024-03-08 09:42:00 Success.
2024-03-08 09:42:00 Latest version is 1.5.8
2024-03-08 09:42:00 App is up to date.
2024-03-08 09:56:32 Loading main app package /usr/lib/obsidian/obsidian.asar
2024-03-08 09:56:32 Checking for update using Github
2024-03-08 09:56:32 Success.
2024-03-08 09:56:32 Latest version is 1.5.8
2024-03-08 09:56:32 App is up to date.
2024-03-08 18:02:20 Loading main app package /usr/lib/obsidian/obsidian.asar
2024-03-08 18:02:20 Checking for update using Github
2024-03-08 18:02:20 Success.
2024-03-08 18:02:20 Latest version is 1.5.8
2024-03-08 18:02:20 App is up to date.
