2024-04-19 14:13:30.482 [info] Log level: Info
2024-04-19 14:13:30.482 [info] Validating found git in: "git"
2024-04-19 14:13:30.482 [info] Using git "2.44.0" from "git"
2024-04-19 14:13:30.482 [info] > git rev-parse --show-toplevel [4ms]
2024-04-19 14:13:30.482 [info] > git rev-parse --git-dir --git-common-dir [8ms]
2024-04-19 14:13:30.482 [info] Open repository: /home/crispy/Documents/coding/crispy-caesi/super-nightfort-2d
2024-04-19 14:13:30.495 [info] > git rev-parse --show-toplevel [5ms]
2024-04-19 14:13:30.496 [info] > git config --get commit.template [9ms]
2024-04-19 14:13:30.506 [info] > git rev-parse --show-toplevel [6ms]
2024-04-19 14:13:30.510 [info] > git for-each-ref --format=%(refname)%00%(upstream:short)%00%(objectname)%00%(upstream:track)%00%(upstream:remotename)%00%(upstream:remoteref) refs/heads/main refs/remotes/main [5ms]
2024-04-19 14:13:30.512 [info] > git rev-parse --show-toplevel [1ms]
2024-04-19 14:13:30.521 [info] > git status -z -uall [3ms]
2024-04-19 14:13:30.539 [info] > git merge-base refs/heads/main refs/remotes/origin/main [11ms]
2024-04-19 14:13:30.546 [info] > git config --get commit.template [8ms]
2024-04-19 14:13:30.550 [info] > git rev-list --count --left-right refs/heads/main...refs/remotes/origin/main [6ms]
2024-04-19 14:13:30.555 [info] > git for-each-ref --format=%(refname)%00%(upstream:short)%00%(objectname)%00%(upstream:track)%00%(upstream:remotename)%00%(upstream:remoteref) refs/heads/main refs/remotes/main [6ms]
2024-04-19 14:13:30.564 [info] > git status -z -uall [4ms]
2024-04-19 14:13:30.567 [info] > git diff --name-status -z --diff-filter=ADMR 526cee8e5c7787402a5b4cab3b75bcf96976cba5...refs/remotes/origin/main [12ms]
2024-04-19 14:13:30.894 [info] > git show --textconv :src/Input.py [5ms]
2024-04-19 14:13:30.896 [info] > git ls-files --stage -- /home/crispy/Documents/coding/crispy-caesi/super-nightfort-2d/src/Input.py [3ms]
2024-04-19 14:13:30.901 [info] > git cat-file -s 1a75239a1faeb356700bb204027f4777ce436f10 [1ms]
2024-04-19 14:13:30.999 [info] > git check-ignore -v -z --stdin [1ms]
2024-04-19 14:13:34.681 [info] > git show --textconv :src/Menu.py [8ms]
2024-04-19 14:13:34.683 [info] > git ls-files --stage -- /home/crispy/Documents/coding/crispy-caesi/super-nightfort-2d/src/Menu.py [2ms]
2024-04-19 14:13:34.688 [info] > git cat-file -s 3a1e17043aebde0f9acfc4a2c8a8983551e779ef [1ms]
2024-04-19 14:13:47.410 [info] > git rev-parse --show-toplevel [1ms]
2024-04-19 14:13:47.410 [info] fatal: not a git repository (or any of the parent directories): .git
2024-04-19 14:14:54.007 [info] > git show --textconv :src/Menu.py [8ms]
2024-04-19 14:14:54.009 [info] > git ls-files --stage -- /home/crispy/Documents/coding/crispy-caesi/super-nightfort-2d/src/Menu.py [3ms]
2024-04-19 14:14:54.018 [info] > git cat-file -s 3a1e17043aebde0f9acfc4a2c8a8983551e779ef [2ms]
2024-04-19 14:14:57.257 [info] > git rev-parse --show-toplevel [1ms]
2024-04-19 14:14:57.257 [info] fatal: not a git repository (or any of the parent directories): .git
2024-04-19 14:15:27.372 [info] > git show --textconv :src/Menu.py [7ms]
2024-04-19 14:15:27.374 [info] > git ls-files --stage -- /home/crispy/Documents/coding/crispy-caesi/super-nightfort-2d/src/Menu.py [3ms]
2024-04-19 14:15:27.384 [info] > git cat-file -s 3a1e17043aebde0f9acfc4a2c8a8983551e779ef [3ms]
2024-04-19 14:15:35.581 [info] > git rev-parse --show-toplevel [2ms]
2024-04-19 14:15:35.581 [info] fatal: not a git repository (or any of the parent directories): .git
2024-04-19 14:16:24.135 [info] > git show --textconv :src/Menu.py [6ms]
2024-04-19 14:16:24.137 [info] > git ls-files --stage -- /home/crispy/Documents/coding/crispy-caesi/super-nightfort-2d/src/Menu.py [3ms]
2024-04-19 14:16:24.145 [info] > git cat-file -s 3a1e17043aebde0f9acfc4a2c8a8983551e779ef [1ms]
2024-04-19 14:16:30.758 [info] > git rev-parse --show-toplevel [2ms]
2024-04-19 14:16:30.758 [info] fatal: not a git repository (or any of the parent directories): .git
2024-04-19 14:17:36.869 [info] > git show --textconv :src/Menu.py [8ms]
2024-04-19 14:17:36.872 [info] > git ls-files --stage -- /home/crispy/Documents/coding/crispy-caesi/super-nightfort-2d/src/Menu.py [3ms]
2024-04-19 14:17:36.880 [info] > git cat-file -s 3a1e17043aebde0f9acfc4a2c8a8983551e779ef [3ms]
2024-04-19 14:17:45.123 [info] > git rev-parse --show-toplevel [2ms]
2024-04-19 14:17:45.123 [info] fatal: not a git repository (or any of the parent directories): .git
2024-04-19 14:18:25.665 [info] > git show --textconv :src/Menu.py [9ms]
2024-04-19 14:18:25.667 [info] > git ls-files --stage -- /home/crispy/Documents/coding/crispy-caesi/super-nightfort-2d/src/Menu.py [3ms]
2024-04-19 14:18:25.676 [info] > git cat-file -s 3a1e17043aebde0f9acfc4a2c8a8983551e779ef [3ms]
2024-04-19 14:18:31.735 [info] > git show --textconv :src/Input.py [8ms]
2024-04-19 14:18:31.737 [info] > git ls-files --stage -- /home/crispy/Documents/coding/crispy-caesi/super-nightfort-2d/src/Input.py [2ms]
2024-04-19 14:18:31.746 [info] > git cat-file -s 1a75239a1faeb356700bb204027f4777ce436f10 [2ms]
2024-04-19 14:18:33.936 [info] > git rev-parse --show-toplevel [1ms]
2024-04-19 14:18:33.936 [info] fatal: not a git repository (or any of the parent directories): .git
2024-04-19 14:21:54.599 [info] > git show --textconv :src/Menu.py [9ms]
2024-04-19 14:21:54.600 [info] > git ls-files --stage -- /home/crispy/Documents/coding/crispy-caesi/super-nightfort-2d/src/Menu.py [2ms]
2024-04-19 14:21:54.607 [info] > git cat-file -s 3a1e17043aebde0f9acfc4a2c8a8983551e779ef [2ms]
2024-04-19 14:22:11.487 [info] > git rev-parse --show-toplevel [2ms]
2024-04-19 14:22:11.487 [info] fatal: not a git repository (or any of the parent directories): .git
2024-04-19 14:23:21.389 [info] > git show --textconv :src/Menu.py [9ms]
2024-04-19 14:23:21.391 [info] > git ls-files --stage -- /home/crispy/Documents/coding/crispy-caesi/super-nightfort-2d/src/Menu.py [3ms]
2024-04-19 14:23:21.402 [info] > git cat-file -s 3a1e17043aebde0f9acfc4a2c8a8983551e779ef [2ms]
2024-04-19 14:23:26.458 [info] > git rev-parse --show-toplevel [1ms]
2024-04-19 14:23:26.458 [info] fatal: not a git repository (or any of the parent directories): .git
2024-04-19 14:23:34.270 [info] > git show --textconv :src/Menu.py [9ms]
2024-04-19 14:23:34.272 [info] > git ls-files --stage -- /home/crispy/Documents/coding/crispy-caesi/super-nightfort-2d/src/Menu.py [2ms]
2024-04-19 14:23:34.280 [info] > git cat-file -s 3a1e17043aebde0f9acfc4a2c8a8983551e779ef [2ms]
2024-04-19 14:23:45.757 [info] > git rev-parse --show-toplevel [2ms]
2024-04-19 14:23:45.757 [info] fatal: not a git repository (or any of the parent directories): .git
2024-04-19 14:23:55.682 [info] > git show --textconv :src/Menu.py [0ms]
2024-04-19 14:23:55.691 [info] > git ls-files --stage -- /home/crispy/Documents/coding/crispy-caesi/super-nightfort-2d/src/Menu.py [0ms]
2024-04-19 14:23:55.698 [info] > git cat-file -s 3a1e17043aebde0f9acfc4a2c8a8983551e779ef [5ms]
2024-04-19 14:24:18.983 [info] > git rev-parse --show-toplevel [1ms]
2024-04-19 14:24:18.983 [info] fatal: not a git repository (or any of the parent directories): .git
2024-04-19 14:30:34.989 [info] > git show --textconv :src/Menu.py [8ms]
2024-04-19 14:30:34.990 [info] > git ls-files --stage -- /home/crispy/Documents/coding/crispy-caesi/super-nightfort-2d/src/Menu.py [2ms]
2024-04-19 14:30:34.995 [info] > git cat-file -s 3a1e17043aebde0f9acfc4a2c8a8983551e779ef [1ms]
2024-04-19 14:30:36.797 [info] > git show --textconv :src/Input.py [4ms]
2024-04-19 14:30:36.798 [info] > git ls-files --stage -- /home/crispy/Documents/coding/crispy-caesi/super-nightfort-2d/src/Input.py [1ms]
2024-04-19 14:30:36.802 [info] > git cat-file -s 1a75239a1faeb356700bb204027f4777ce436f10 [1ms]
2024-04-19 14:30:40.541 [info] > git show --textconv :src/Game.py [9ms]
2024-04-19 14:30:40.543 [info] > git ls-files --stage -- /home/crispy/Documents/coding/crispy-caesi/super-nightfort-2d/src/Game.py [3ms]
2024-04-19 14:30:40.550 [info] > git cat-file -s c426483fde1675e2badd6014897ff98690d4301b [2ms]
2024-04-19 14:30:43.344 [info] > git show --textconv :src/Player.py [9ms]
2024-04-19 14:30:43.346 [info] > git ls-files --stage -- /home/crispy/Documents/coding/crispy-caesi/super-nightfort-2d/src/Player.py [2ms]
2024-04-19 14:30:43.355 [info] > git cat-file -s 6bffa412b0b07b6dda99f167c7313d8d42d2e80f [3ms]
2024-04-19 14:30:53.742 [info] > git check-ignore -v -z --stdin [3ms]
2024-04-19 14:30:56.470 [info] > git show --textconv :src/Audio.py [8ms]
2024-04-19 14:30:56.471 [info] > git ls-files --stage -- /home/crispy/Documents/coding/crispy-caesi/super-nightfort-2d/src/Audio.py [2ms]
2024-04-19 14:30:56.480 [info] > git cat-file -s f6bf83d955915febb6f743d38b85cb0328cf825e [3ms]
2024-04-19 14:31:03.817 [info] > git show --textconv :src/TileMap.py [7ms]
2024-04-19 14:31:03.819 [info] > git ls-files --stage -- /home/crispy/Documents/coding/crispy-caesi/super-nightfort-2d/src/TileMap.py [4ms]
2024-04-19 14:31:03.828 [info] > git cat-file -s 80f4dcc04a4cb4e0d4fec59a08193045e534d5d2 [2ms]
2024-04-19 14:31:07.304 [info] > git show --textconv :src/Audio.py [9ms]
2024-04-19 14:31:07.306 [info] > git ls-files --stage -- /home/crispy/Documents/coding/crispy-caesi/super-nightfort-2d/src/Audio.py [2ms]
2024-04-19 14:31:07.313 [info] > git cat-file -s f6bf83d955915febb6f743d38b85cb0328cf825e [2ms]
2024-04-19 14:31:09.738 [info] > git show --textconv :src/Player.py [10ms]
2024-04-19 14:31:09.740 [info] > git ls-files --stage -- /home/crispy/Documents/coding/crispy-caesi/super-nightfort-2d/src/Player.py [3ms]
2024-04-19 14:31:09.749 [info] > git cat-file -s 6bffa412b0b07b6dda99f167c7313d8d42d2e80f [3ms]
2024-04-19 14:31:14.125 [info] > git show --textconv :src/Game.py [9ms]
2024-04-19 14:31:14.126 [info] > git ls-files --stage -- /home/crispy/Documents/coding/crispy-caesi/super-nightfort-2d/src/Game.py [3ms]
2024-04-19 14:31:14.133 [info] > git cat-file -s c426483fde1675e2badd6014897ff98690d4301b [2ms]
2024-04-19 14:31:16.788 [info] > git show --textconv :src/Input.py [9ms]
2024-04-19 14:31:16.790 [info] > git ls-files --stage -- /home/crispy/Documents/coding/crispy-caesi/super-nightfort-2d/src/Input.py [3ms]
2024-04-19 14:31:16.799 [info] > git cat-file -s 1a75239a1faeb356700bb204027f4777ce436f10 [2ms]
2024-04-19 14:31:20.124 [info] > git show --textconv :src/Menu.py [10ms]
2024-04-19 14:31:20.125 [info] > git ls-files --stage -- /home/crispy/Documents/coding/crispy-caesi/super-nightfort-2d/src/Menu.py [2ms]
2024-04-19 14:31:20.134 [info] > git cat-file -s 3a1e17043aebde0f9acfc4a2c8a8983551e779ef [3ms]
2024-04-19 14:42:47.271 [info] > git show --textconv :src/Input.py [9ms]
2024-04-19 14:42:47.273 [info] > git ls-files --stage -- /home/crispy/Documents/coding/crispy-caesi/super-nightfort-2d/src/Input.py [3ms]
2024-04-19 14:42:47.282 [info] > git cat-file -s 1a75239a1faeb356700bb204027f4777ce436f10 [3ms]
2024-04-19 14:42:53.376 [info] > git show --textconv :src/Game.py [10ms]
2024-04-19 14:42:53.378 [info] > git ls-files --stage -- /home/crispy/Documents/coding/crispy-caesi/super-nightfort-2d/src/Game.py [4ms]
2024-04-19 14:42:53.387 [info] > git cat-file -s c426483fde1675e2badd6014897ff98690d4301b [3ms]
2024-04-19 14:43:02.708 [info] > git show --textconv :src/Player.py [9ms]
2024-04-19 14:43:02.709 [info] > git ls-files --stage -- /home/crispy/Documents/coding/crispy-caesi/super-nightfort-2d/src/Player.py [2ms]
2024-04-19 14:43:02.716 [info] > git cat-file -s 6bffa412b0b07b6dda99f167c7313d8d42d2e80f [2ms]
2024-04-19 14:47:52.422 [info] > git show --textconv :src/Menu.py [8ms]
2024-04-19 14:47:52.423 [info] > git ls-files --stage -- /home/crispy/Documents/coding/crispy-caesi/super-nightfort-2d/src/Menu.py [2ms]
2024-04-19 14:47:52.433 [info] > git cat-file -s 3a1e17043aebde0f9acfc4a2c8a8983551e779ef [3ms]
2024-04-19 14:48:03.602 [info] > git rev-parse --show-toplevel [1ms]
2024-04-19 14:48:03.603 [info] fatal: not a git repository (or any of the parent directories): .git
2024-04-19 14:48:35.462 [info] > git show --textconv :src/Menu.py [9ms]
2024-04-19 14:48:35.463 [info] > git ls-files --stage -- /home/crispy/Documents/coding/crispy-caesi/super-nightfort-2d/src/Menu.py [3ms]
2024-04-19 14:48:35.469 [info] > git cat-file -s 3a1e17043aebde0f9acfc4a2c8a8983551e779ef [2ms]
2024-04-19 14:48:40.484 [info] > git rev-parse --show-toplevel [1ms]
2024-04-19 14:48:40.484 [info] fatal: not a git repository (or any of the parent directories): .git
2024-04-19 14:50:14.020 [info] > git show --textconv :src/Menu.py [10ms]
2024-04-19 14:50:14.022 [info] > git ls-files --stage -- /home/crispy/Documents/coding/crispy-caesi/super-nightfort-2d/src/Menu.py [3ms]
2024-04-19 14:50:14.030 [info] > git cat-file -s 3a1e17043aebde0f9acfc4a2c8a8983551e779ef [1ms]
2024-04-19 14:50:19.140 [info] > git rev-parse --show-toplevel [2ms]
2024-04-19 14:50:19.140 [info] fatal: not a git repository (or any of the parent directories): .git
2024-04-19 14:50:35.065 [info] > git show --textconv :src/Menu.py [9ms]
2024-04-19 14:50:35.067 [info] > git ls-files --stage -- /home/crispy/Documents/coding/crispy-caesi/super-nightfort-2d/src/Menu.py [3ms]
2024-04-19 14:50:35.073 [info] > git cat-file -s 3a1e17043aebde0f9acfc4a2c8a8983551e779ef [2ms]
2024-04-19 14:50:44.357 [info] > git config --get commit.template [9ms]
2024-04-19 14:50:44.362 [info] > git for-each-ref --format=%(refname)%00%(upstream:short)%00%(objectname)%00%(upstream:track)%00%(upstream:remotename)%00%(upstream:remoteref) refs/heads/main refs/remotes/main [7ms]
2024-04-19 14:50:44.377 [info] > git status -z -uall [7ms]
2024-04-19 14:52:20.598 [info] > git rev-parse --show-toplevel [2ms]
2024-04-19 14:52:20.598 [info] fatal: not a git repository (or any of the parent directories): .git
2024-04-19 14:52:54.137 [info] > git show --textconv :src/Menu.py [10ms]
2024-04-19 14:52:54.139 [info] > git ls-files --stage -- /home/crispy/Documents/coding/crispy-caesi/super-nightfort-2d/src/Menu.py [3ms]
2024-04-19 14:52:54.144 [info] > git cat-file -s 3a1e17043aebde0f9acfc4a2c8a8983551e779ef [1ms]
2024-04-19 14:53:04.227 [info] > git rev-parse --show-toplevel [1ms]
2024-04-19 14:53:04.227 [info] fatal: not a git repository (or any of the parent directories): .git
2024-04-19 14:53:35.828 [info] > git show --textconv :src/Menu.py [9ms]
2024-04-19 14:53:35.830 [info] > git ls-files --stage -- /home/crispy/Documents/coding/crispy-caesi/super-nightfort-2d/src/Menu.py [3ms]
2024-04-19 14:53:35.839 [info] > git cat-file -s 3a1e17043aebde0f9acfc4a2c8a8983551e779ef [2ms]
2024-04-19 14:54:16.066 [info] > git rev-parse --show-toplevel [2ms]
2024-04-19 14:54:16.066 [info] fatal: not a git repository (or any of the parent directories): .git
2024-04-19 14:54:18.192 [info] > git show --textconv :src/Menu.py [9ms]
2024-04-19 14:54:18.194 [info] > git ls-files --stage -- /home/crispy/Documents/coding/crispy-caesi/super-nightfort-2d/src/Menu.py [3ms]
2024-04-19 14:54:18.202 [info] > git cat-file -s 3a1e17043aebde0f9acfc4a2c8a8983551e779ef [2ms]
2024-04-19 14:54:23.289 [info] > git rev-parse --show-toplevel [2ms]
2024-04-19 14:54:23.289 [info] fatal: not a git repository (or any of the parent directories): .git
2024-04-19 14:54:25.429 [info] > git show --textconv :src/Menu.py [7ms]
2024-04-19 14:54:25.430 [info] > git ls-files --stage -- /home/crispy/Documents/coding/crispy-caesi/super-nightfort-2d/src/Menu.py [2ms]
2024-04-19 14:54:25.439 [info] > git cat-file -s 3a1e17043aebde0f9acfc4a2c8a8983551e779ef [2ms]
2024-04-19 14:54:26.157 [info] > git rev-parse --show-toplevel [1ms]
2024-04-19 14:54:26.157 [info] fatal: not a git repository (or any of the parent directories): .git
2024-04-19 14:56:01.512 [info] > git show --textconv :src/Menu.py [7ms]
2024-04-19 14:56:01.514 [info] > git ls-files --stage -- /home/crispy/Documents/coding/crispy-caesi/super-nightfort-2d/src/Menu.py [3ms]
2024-04-19 14:56:01.522 [info] > git cat-file -s 3a1e17043aebde0f9acfc4a2c8a8983551e779ef [3ms]
2024-04-19 14:56:44.958 [info] > git rev-parse --show-toplevel [1ms]
2024-04-19 14:56:44.958 [info] fatal: not a git repository (or any of the parent directories): .git
2024-04-19 14:57:34.180 [info] > git show --textconv :src/Menu.py [8ms]
2024-04-19 14:57:34.182 [info] > git ls-files --stage -- /home/crispy/Documents/coding/crispy-caesi/super-nightfort-2d/src/Menu.py [3ms]
2024-04-19 14:57:34.191 [info] > git cat-file -s 3a1e17043aebde0f9acfc4a2c8a8983551e779ef [3ms]
2024-04-19 14:57:39.950 [info] > git rev-parse --show-toplevel [6ms]
2024-04-19 14:57:39.950 [info] fatal: not a git repository (or any of the parent directories): .git
2024-04-19 14:57:44.295 [info] > git show --textconv :src/Menu.py [9ms]
2024-04-19 14:57:44.297 [info] > git ls-files --stage -- /home/crispy/Documents/coding/crispy-caesi/super-nightfort-2d/src/Menu.py [3ms]
2024-04-19 14:57:44.306 [info] > git cat-file -s 3a1e17043aebde0f9acfc4a2c8a8983551e779ef [3ms]
2024-04-19 15:22:32.699 [info] > git config --get commit.template [9ms]
2024-04-19 15:22:32.700 [info] > git for-each-ref --format=%(refname)%00%(upstream:short)%00%(objectname)%00%(upstream:track)%00%(upstream:remotename)%00%(upstream:remoteref) refs/heads/main refs/remotes/main [3ms]
2024-04-19 15:22:32.713 [info] > git status -z -uall [5ms]
2024-04-19 15:22:50.766 [info] > git config --get commit.template [5ms]
2024-04-19 15:22:50.767 [info] > git for-each-ref --format=%(refname)%00%(upstream:short)%00%(objectname)%00%(upstream:track)%00%(upstream:remotename)%00%(upstream:remoteref) refs/heads/main refs/remotes/main [1ms]
2024-04-19 15:22:50.772 [info] > git status -z -uall [2ms]
2024-04-19 15:23:10.392 [info] > git config --get commit.template [9ms]
2024-04-19 15:23:10.393 [info] > git for-each-ref --format=%(refname)%00%(upstream:short)%00%(objectname)%00%(upstream:track)%00%(upstream:remotename)%00%(upstream:remoteref) refs/heads/main refs/remotes/main [3ms]
2024-04-19 15:23:10.406 [info] > git status -z -uall [5ms]
2024-04-19 15:23:37.399 [info] > git config --get commit.template [5ms]
2024-04-19 15:23:37.401 [info] > git for-each-ref --format=%(refname)%00%(upstream:short)%00%(objectname)%00%(upstream:track)%00%(upstream:remotename)%00%(upstream:remoteref) refs/heads/main refs/remotes/main [2ms]
2024-04-19 15:23:37.411 [info] > git status -z -uall [3ms]
2024-04-19 15:24:28.915 [info] > git config --get commit.template [8ms]
2024-04-19 15:24:28.916 [info] > git for-each-ref --format=%(refname)%00%(upstream:short)%00%(objectname)%00%(upstream:track)%00%(upstream:remotename)%00%(upstream:remoteref) refs/heads/main refs/remotes/main [2ms]
2024-04-19 15:24:28.925 [info] > git status -z -uall [3ms]
2024-04-19 15:24:39.092 [info] > git config --get commit.template [8ms]
2024-04-19 15:24:39.094 [info] > git for-each-ref --format=%(refname)%00%(upstream:short)%00%(objectname)%00%(upstream:track)%00%(upstream:remotename)%00%(upstream:remoteref) refs/heads/main refs/remotes/main [3ms]
2024-04-19 15:24:39.107 [info] > git status -z -uall [5ms]
2024-04-19 15:24:45.647 [info] > git config --get commit.template [5ms]
2024-04-19 15:24:45.648 [info] > git for-each-ref --format=%(refname)%00%(upstream:short)%00%(objectname)%00%(upstream:track)%00%(upstream:remotename)%00%(upstream:remoteref) refs/heads/main refs/remotes/main [2ms]
2024-04-19 15:24:45.655 [info] > git status -z -uall [2ms]
2024-04-19 15:24:54.088 [info] > git config --get commit.template [8ms]
2024-04-19 15:24:54.090 [info] > git for-each-ref --format=%(refname)%00%(upstream:short)%00%(objectname)%00%(upstream:track)%00%(upstream:remotename)%00%(upstream:remoteref) refs/heads/main refs/remotes/main [2ms]
2024-04-19 15:24:54.099 [info] > git status -z -uall [3ms]
2024-04-19 15:25:00.600 [info] > git config --get commit.template [5ms]
2024-04-19 15:25:00.601 [info] > git for-each-ref --format=%(refname)%00%(upstream:short)%00%(objectname)%00%(upstream:track)%00%(upstream:remotename)%00%(upstream:remoteref) refs/heads/main refs/remotes/main [1ms]
2024-04-19 15:25:00.607 [info] > git status -z -uall [2ms]
2024-04-19 15:25:08.064 [info] > git config --get commit.template [7ms]
2024-04-19 15:25:08.066 [info] > git for-each-ref --format=%(refname)%00%(upstream:short)%00%(objectname)%00%(upstream:track)%00%(upstream:remotename)%00%(upstream:remoteref) refs/heads/main refs/remotes/main [3ms]
2024-04-19 15:25:08.077 [info] > git status -z -uall [3ms]
2024-04-19 15:25:36.404 [info] > git config --get commit.template [4ms]
2024-04-19 15:25:36.405 [info] > git for-each-ref --format=%(refname)%00%(upstream:short)%00%(objectname)%00%(upstream:track)%00%(upstream:remotename)%00%(upstream:remoteref) refs/heads/main refs/remotes/main [1ms]
2024-04-19 15:25:36.411 [info] > git status -z -uall [2ms]
2024-04-19 15:25:41.429 [info] > git config --get commit.template [8ms]
2024-04-19 15:25:41.431 [info] > git for-each-ref --format=%(refname)%00%(upstream:short)%00%(objectname)%00%(upstream:track)%00%(upstream:remotename)%00%(upstream:remoteref) refs/heads/main refs/remotes/main [3ms]
2024-04-19 15:25:41.440 [info] > git status -z -uall [5ms]
2024-04-19 15:27:32.789 [info] > git rev-parse --show-toplevel [2ms]
2024-04-19 15:27:32.789 [info] fatal: not a git repository (or any of the parent directories): .git
2024-04-19 15:30:13.732 [info] > git show --textconv :src/Menu.py [8ms]
2024-04-19 15:30:13.733 [info] > git ls-files --stage -- /home/crispy/Documents/coding/crispy-caesi/super-nightfort-2d/src/Menu.py [3ms]
2024-04-19 15:30:13.740 [info] > git cat-file -s 3a1e17043aebde0f9acfc4a2c8a8983551e779ef [2ms]
2024-04-19 16:10:41.099 [info] > git config --get commit.template [6ms]
2024-04-19 16:10:41.104 [info] > git ls-files --stage -- /home/crispy/Documents/coding/crispy-caesi/super-nightfort-2d/src/Menu.py [6ms]
2024-04-19 16:10:41.107 [info] > git for-each-ref --format=%(refname)%00%(upstream:short)%00%(objectname)%00%(upstream:track)%00%(upstream:remotename)%00%(upstream:remoteref) refs/heads/removed-attributes-and-private-signs refs/remotes/removed-attributes-and-private-signs [4ms]
2024-04-19 16:10:41.108 [info] > git cat-file -s 6e24dda1166a7985dda65b78632eada00431e3cf [1ms]
2024-04-19 16:10:41.116 [info] > git status -z -uall [4ms]
2024-04-19 16:10:41.123 [info] > git show --textconv :src/Menu.py [7ms]
2024-04-19 16:10:41.123 [info] > git merge-base refs/heads/removed-attributes-and-private-signs refs/remotes/origin/removed-attributes-and-private-signs [2ms]
2024-04-19 16:10:41.128 [info] > git rev-list --count --left-right refs/heads/removed-attributes-and-private-signs...refs/remotes/origin/removed-attributes-and-private-signs [2ms]
2024-04-19 16:10:41.134 [info] > git diff --name-status -z --diff-filter=ADMR 682f6d3acbb43ba70b597da633dbc22df7cf8d3b...refs/remotes/origin/removed-attributes-and-private-signs [2ms]
2024-04-19 16:20:11.745 [info] > git config --get commit.template [1ms]
2024-04-19 16:20:11.754 [info] > git for-each-ref --format=%(refname)%00%(upstream:short)%00%(objectname)%00%(upstream:track)%00%(upstream:remotename)%00%(upstream:remoteref) refs/heads/removed-attributes-and-private-signs refs/remotes/removed-attributes-and-private-signs [2ms]
2024-04-19 16:20:11.760 [info] > git status -z -uall [2ms]
