2024-03-11 22:08:39,320::kawaii_player:main: DEBUG   - Noto Sans14
2024-03-11 22:08:39,325::stylesheet:apply_stylesheet: DEBUG   - min-height-box=height: 33px
2024-03-11 22:08:39,327::stylesheet:apply_stylesheet: DEBUG   - min-height-box=height: 33px
2024-03-11 22:08:39,327::stylesheet:apply_stylesheet: DEBUG   - min-height-box=height: 33px
2024-03-11 22:09:19,572::kawaii_player:update_video_dict_criteria: INFO    - {'anime': 'Anime', 'movies': 'Movies', 'tv shows': 'TV Shows', 'cartoons': 'Cartoons', 'others': 'Others'}::['Anime', 'Movies', 'TV Shows', 'Cartoons', 'Others']::--1808--
2024-03-11 22:09:19,579::kawaii_player:main: INFO    - [0, 0, 0, 0, 0]
2024-03-11 22:09:19,579::kawaii_player:main: INFO    - [0, 0, 0]
2024-03-11 22:09:19,579::kawaii_player:main: DEBUG   - fs=False
2024-03-11 22:09:19,579::kawaii_player:main: DEBUG   - #BROWSER_BACKEND=QTWEBENGINE,QTWEBKIT
2024-03-11 22:09:19,579::kawaii_player:main: DEBUG   - #GET_LIBRARY=pycurl,curl,wget
2024-03-11 22:09:19,580::kawaii_player:main: DEBUG   - #IMAGE_FIT_OPTION=0-9
2024-03-11 22:09:19,580::kawaii_player:main: DEBUG   - #YTDL_PATH=default,automatic
2024-03-11 22:09:19,580::kawaii_player:main: INFO    - mpv_conf: False
2024-03-11 22:09:19,580::kawaii_player:main: DEBUG   - #THEME=default,system,dark
2024-03-11 22:09:19,580::kawaii_player:main: DEBUG   - #EXTRA_PLAYERS=vlc,kodi etc..
2024-03-11 22:09:19,580::kawaii_player:main: DEBUG   - #GLOBAL_FONT=Name of Font
2024-03-11 22:09:19,580::kawaii_player:main: DEBUG   - #THUMBNAIL_TEXT_COLOR/LIST_TEXT_COLOR=red,green,blue,yellow, gray,white,black,cyan,magenta,darkgray,lightgray,darkred, darkblue,darkyellow,transparent
2024-03-11 22:09:19,580::kawaii_player:main: DEBUG   - #For Dark Theme, use lightgray, if white color looks bright
2024-03-11 22:09:19,583::kawaii_player:main: DEBUG   - Noto Sans14
2024-03-11 22:09:19,589::stylesheet:apply_stylesheet: DEBUG   - min-height-box=height: 33px
2024-03-11 22:09:19,591::stylesheet:apply_stylesheet: DEBUG   - min-height-box=height: 33px
2024-03-11 22:09:19,591::stylesheet:apply_stylesheet: DEBUG   - min-height-box=height: 33px
